============================= test session starts =============================
platform win32 -- Python 3.11.9, pytest-8.1.1, pluggy-1.6.0 -- C:\Users\JulasJr\AppData\Local\Programs\Python\Python311\python.exe
cachedir: .pytest_cache
rootdir: D:\Projects\Mizan\backend
configfile: pytest.ini
plugins: anyio-4.12.1, asyncio-0.23.5
asyncio: mode=Mode.STRICT
collecting ... collected 0 items / 1 error

=================================== ERRORS ====================================
____________________ ERROR collecting tests/test_api_v1.py ____________________
ImportError while importing test module 'D:\Projects\Mizan\backend\tests\test_api_v1.py'.
Hint: make sure your test modules/packages have valid Python names.
Traceback:
C:\Users\JulasJr\AppData\Local\Programs\Python\Python311\Lib\importlib\__init__.py:126: in import_module
    return _bootstrap._gcd_import(name[level:], package, level)
tests\test_api_v1.py:7: in <module>
    from app.main import app
app\main.py:3: in <module>
    from slowapi import _rate_limit_exceeded_handler
E   ModuleNotFoundError: No module named 'slowapi'
=========================== short test summary info ===========================
ERROR tests/test_api_v1.py
!!!!!!!!!!!!!!!!!!! Interrupted: 1 error during collection !!!!!!!!!!!!!!!!!!!!
============================== 1 error in 0.99s ===============================
