============================= test session starts =============================
platform win32 -- Python 3.13.12, pytest-8.1.1, pluggy-1.6.0 -- D:\Projects\Mizan\backend\.venv\Scripts\python.exe
cachedir: .pytest_cache
rootdir: D:\Projects\Mizan\backend
configfile: pytest.ini
plugins: anyio-4.12.1, asyncio-0.23.5
asyncio: mode=Mode.STRICT
collecting ... collected 1 item

tests/test_auth.py::test_duplicate_email_registration FAILED             [100%]

================================== FAILURES ===================================
______________________ test_duplicate_email_registration ______________________
tests\test_auth.py:67: in test_duplicate_email_registration
    assert response.json()["detail"] == "Email already registered"
E   KeyError: 'detail'
------------------------------ Captured log call ------------------------------
WARNING  app.api.errors:errors.py:20 HTTP Exception POST /api/v1/auth/register: status_code=409 detail=Email already registered
============================== warnings summary ===============================
app\core\config.py:4
  D:\Projects\Mizan\backend\app\core\config.py:4: PydanticDeprecatedSince20: Support for class-based `config` is deprecated, use ConfigDict instead. Deprecated in Pydantic V2.0 to be removed in V3.0. See Pydantic V2 Migration Guide at https://errors.pydantic.dev/2.12/migration/
    class Settings(BaseSettings):

<frozen importlib._bootstrap>:488
  <frozen importlib._bootstrap>:488: DeprecationWarning: Type google._upb._message.MessageMapContainer uses PyType_Spec with a metaclass that has custom tp_new. This is deprecated and will no longer be allowed in Python 3.14.

<frozen importlib._bootstrap>:488
  <frozen importlib._bootstrap>:488: DeprecationWarning: Type google._upb._message.ScalarMapContainer uses PyType_Spec with a metaclass that has custom tp_new. This is deprecated and will no longer be allowed in Python 3.14.

app\services\llm_service.py:8
  D:\Projects\Mizan\backend\app\services\llm_service.py:8: FutureWarning: 
  
  All support for the `google.generativeai` package has ended. It will no longer be receiving 
  updates or bug fixes. Please switch to the `google.genai` package as soon as possible.
  See README for more details:
  
  https://github.com/google-gemini/deprecated-generative-ai-python/blob/main/README.md
  
    import google.generativeai as genai

.venv\Lib\site-packages\httpx\_client.py:680
  D:\Projects\Mizan\backend\.venv\Lib\site-packages\httpx\_client.py:680: DeprecationWarning: The 'app' shortcut is now deprecated. Use the explicit style 'transport=WSGITransport(app=...)' instead.
    warnings.warn(message, DeprecationWarning)

-- Docs: https://docs.pytest.org/en/stable/how-to/capture-warnings.html
=========================== short test summary info ===========================
FAILED tests/test_auth.py::test_duplicate_email_registration - KeyError: 'det...
======================= 1 failed, 5 warnings in 14.01s ========================
