============================= test session starts =============================
platform win32 -- Python 3.11.9, pytest-8.1.1, pluggy-1.6.0 -- C:\Users\JulasJr\AppData\Local\Programs\Python\Python311\python.exe
cachedir: .pytest_cache
rootdir: D:\Projects\Mizan\backend
configfile: pytest.ini
plugins: anyio-4.12.1, asyncio-0.23.5
asyncio: mode=Mode.STRICT
collecting ... collected 0 items / 1 error

=================================== ERRORS ====================================
____________________ ERROR collecting tests/test_api_v1.py ____________________
ImportError while importing test module 'D:\Projects\Mizan\backend\tests\test_api_v1.py'.
Hint: make sure your test modules/packages have valid Python names.
Traceback:
C:\Users\JulasJr\AppData\Local\Programs\Python\Python311\Lib\importlib\__init__.py:126: in import_module
    return _bootstrap._gcd_import(name[level:], package, level)
tests\test_api_v1.py:7: in <module>
    from app.main import app
app\main.py:7: in <module>
    from app.api.v1 import health, users, onboarding, decisions, purchases
app\api\v1\health.py:6: in <module>
    from app.api import dependencies
app\api\dependencies.py:5: in <module>
    from jose import JWTError
E   ModuleNotFoundError: No module named 'jose'
============================== warnings summary ===============================
app\core\config.py:4
  D:\Projects\Mizan\backend\app\core\config.py:4: PydanticDeprecatedSince20: Support for class-based `config` is deprecated, use ConfigDict instead. Deprecated in Pydantic V2.0 to be removed in V3.0. See Pydantic V2 Migration Guide at https://errors.pydantic.dev/2.12/migration/
    class Settings(BaseSettings):

-- Docs: https://docs.pytest.org/en/stable/how-to/capture-warnings.html
=========================== short test summary info ===========================
ERROR tests/test_api_v1.py
!!!!!!!!!!!!!!!!!!! Interrupted: 1 error during collection !!!!!!!!!!!!!!!!!!!!
========================= 1 warning, 1 error in 2.08s =========================
